        -:    0:Source:identifier.c
        -:    0:Graph:identifier.gcno
        -:    0:Data:identifier.gcda
        -:    0:Runs:5
        -:    1:// ----------------------------------------------------------------
        -:    2:// ESPECIFICAÇÃO: O programa deve determinar se um identificador
        -:    3:// é ou não válido. Um identificador válido deve começar com uma
        -:    4:// letra e conter apenas letras ou dígitos. Além disto, deve ter
        -:    5:// no mínimo 1 caractere e no máximo 6 caracteres de comprimento
        -:    6:// ----------------------------------------------------------------
        -:    7:
        -:    8:#include <stdio.h>
        -:    9:
function valid_s called 5 returned 100% blocks executed 100%
        5:   10:int valid_s(char ch) {
        5:   11:  if (((ch >= 'A') && (ch <= 'Z')) || ((ch >= 'a') && (ch <= 'z')))
branch  0 taken 60% (fallthrough)
branch  1 taken 40%
branch  2 taken 100% (fallthrough)
branch  3 taken 0%
branch  4 taken 60% (fallthrough)
branch  5 taken 40%
branch  6 taken 100% (fallthrough)
branch  7 taken 0%
        3:   12:    return 1;
        -:   13:  else
        2:   14:    return 0;
        -:   15:}
        -:   16:
function valid_f called 71 returned 100% blocks executed 100%
       71:   17:int valid_f(char ch) {
       71:   18:  if (((ch >= 'A') && (ch <= 'Z')) || ((ch >= 'a') && (ch <= 'z')) || ((ch >= '0') && (ch <= '9')))
branch  0 taken 92% (fallthrough)
branch  1 taken 8%
branch  2 taken 100% (fallthrough)
branch  3 taken 0%
branch  4 taken 92% (fallthrough)
branch  5 taken 8%
branch  6 taken 0% (fallthrough)
branch  7 taken 100%
branch  8 taken 83% (fallthrough)
branch  9 taken 17%
branch 10 taken 100% (fallthrough)
branch 11 taken 0%
       70:   19:    return 1;
        -:   20:  else
        1:   21:    return 0;
        -:   22:}
        -:   23:
function main called 5 returned 100% blocks executed 100%
        5:   24:int main(void) {
        -:   25:  char achar;
        -:   26:  int  length, valid_id;
        5:   27:  length = 0;
        5:   28:  printf("Identificador: ");
call    0 returned 100%
        5:   29:  achar = fgetc(stdin);
call    0 returned 100%
        5:   30:  valid_id = valid_s(achar);
call    0 returned 100%
        5:   31:  if(valid_id) {
branch  0 taken 60% (fallthrough)
branch  1 taken 40%
        3:   32:    length = 1;
        -:   33:  }
        5:   34:  achar = fgetc(stdin);
call    0 returned 100%
       76:   35:  while(achar != '\n') {
branch  0 taken 93%
branch  1 taken 7% (fallthrough)
       71:   36:    if(!(valid_f(achar))) {
call    0 returned 100%
branch  1 taken 1% (fallthrough)
branch  2 taken 99%
        1:   37:      valid_id = 0;
        -:   38:    }
       71:   39:    length++;
       71:   40:    achar = fgetc(stdin);
call    0 returned 100%
        -:   41:  }
        5:   42:  if (valid_id && (length >= 1) && (length < 6)) {
branch  0 taken 60% (fallthrough)
branch  1 taken 40%
branch  2 taken 100% (fallthrough)
branch  3 taken 0%
branch  4 taken 33% (fallthrough)
branch  5 taken 67%
        1:   43:    printf("Valido\n");
call    0 returned 100%
        1:   44:    return 0;
        -:   45:  }
        -:   46:  else {
        4:   47:    printf("Invalido\n");
call    0 returned 100%
        4:   48:    return 1;
        -:   49:  }
        -:   50:}
